<?xml version="1.0" encoding="UTF-8"?>
<!-- Generated by org.testng.reporters.JUnitReportReporter -->
<testsuite hostname="Abilash" failures="0" tests="1" name="main.java.seleniumpractice.SalesForceMarketingTestCase" time="48.841" errors="0" timestamp="2023-08-19T19:59:26 IST" skipped="0">
  <testcase classname="main.java.seleniumpractice.SalesForceMarketingTestCase" name="test" time="48.841"/>
  <system-out/>
</testsuite> <!-- main.java.seleniumpractice.SalesForceMarketingTestCase -->
